<?xml version="1.0" encoding="UTF-8"?>
<!-- Generated by org.testng.reporters.JUnitReportReporter -->
<testsuite hostname="LAPTOP-PP1PNQMU" failures="0" tests="1" name="testcase.Click_reports" time="30.271" errors="0" timestamp="2023-02-20T10:24:49 IST" skipped="0">
  <testcase classname="testcase.Click_reports" name="reportc" time="30.271"/>
  <system-out/>
</testsuite> <!-- testcase.Click_reports -->
