<?xml version="1.0" encoding="UTF-8"?>
<!-- Generated by org.testng.reporters.JUnitReportReporter -->
<testsuite hostname="LAPTOP-PP1PNQMU" failures="0" tests="1" name="testcase.Click_on_user" time="23.265" errors="0" timestamp="2023-02-20T10:24:49 IST" skipped="0">
  <testcase classname="testcase.Click_on_user" name="userc" time="23.265"/>
  <system-out/>
</testsuite> <!-- testcase.Click_on_user -->
